-------------------------------------------------------------------------------
Test set: com.lab3.calculateStayPriceTest
-------------------------------------------------------------------------------
Tests run: 1, Failures: 1, Errors: 0, Skipped: 0, Time elapsed: 0.128 s <<< FAILURE! -- in com.lab3.calculateStayPriceTest
com.lab3.calculateStayPriceTest.validateStayPrice -- Time elapsed: 0.071 s <<< FAILURE!
org.opentest4j.AssertionFailedError: Expected com.baarsch_bytes.Exceptions.NightReservationException to be thrown, but nothing was thrown.
	at org.junit.jupiter.api.AssertionFailureBuilder.build(AssertionFailureBuilder.java:152)
	at org.junit.jupiter.api.AssertThrows.assertThrows(AssertThrows.java:73)
	at org.junit.jupiter.api.AssertThrows.assertThrows(AssertThrows.java:35)
	at org.junit.jupiter.api.Assertions.assertThrows(Assertions.java:3128)
	at com.lab3.calculateStayPriceTest.validateStayPrice(calculateStayPriceTest.java:50)
	at java.base/java.lang.reflect.Method.invoke(Method.java:565)
	at java.base/java.util.ArrayList.forEach(ArrayList.java:1604)
	at java.base/java.util.ArrayList.forEach(ArrayList.java:1604)

